<?xml version="1.0" encoding="utf-8"?><testsuites name="pytest tests"><testsuite name="pytest" errors="0" failures="0" skipped="0" tests="4" time="0.650" timestamp="2026-08-16T17:38:37.182438+00:00" hostname="SALONI-GOEL"><testcase classname="test_app" name="test_home_page" time="0.076" /><testcase classname="test_app" name="test_add_student" time="0.048" /><testcase classname="test_app" name="test_update_student" time="0.048" /><testcase classname="test_app" name="test_delete_student" time="0.039" /></testsuite></testsuites>